<?xml version="1.0" encoding="UTF-8"?>
<testng-results ignored="0" total="99" passed="82" failed="17" skipped="0">
  <reporter-output>
  </reporter-output>
  <suite started-at="2025-04-13T18:56:27 IST" name="Suite" finished-at="2025-04-13T19:06:09 IST" duration-ms="582400">
    <groups>
    </groups>
    <test started-at="2025-04-13T18:56:27 IST" name="ChromeTest" finished-at="2025-04-13T18:59:53 IST" duration-ms="206210">
      <class name="tests.TC_002_SignUpFunctionality">
        <test-method is-config="true" signature="setup()[pri:0, instance:tests.TC_002_SignUpFunctionality@3738449f]" started-at="2025-04-13T18:56:27 IST" name="setup" finished-at="2025-04-13T18:56:27 IST" duration-ms="1" status="PASS">
          <reporter-output>
          </reporter-output>
        </test-method> <!-- setup -->
        <test-method is-config="true" signature="launchingBrowserAndLoadingURL(java.lang.String,java.lang.String)[pri:0, instance:tests.TC_002_SignUpFunctionality@3738449f]" started-at="2025-04-13T18:58:59 IST" name="launchingBrowserAndLoadingURL" finished-at="2025-04-13T18:59:02 IST" duration-ms="3000" status="PASS">
          <params>
            <param index="0">
              <value>
                <![CDATA[https://thinking-tester-contact-list.herokuapp.com/]]>
              </value>
            </param>
            <param index="1">
              <value>
                <![CDATA[Chrome]]>
              </value>
            </param>
          </params>
          <reporter-output>
          </reporter-output>
        </test-method> <!-- launchingBrowserAndLoadingURL -->
        <test-method signature="testSignUp(java.lang.String,java.lang.String,java.lang.String,java.lang.String,java.lang.String)[pri:0, instance:tests.TC_002_SignUpFunctionality@3738449f]" started-at="2025-04-13T18:59:02 IST" name="testSignUp" data-provider="signupData" finished-at="2025-04-13T18:59:04 IST" duration-ms="1913" status="PASS">
          <params>
            <param index="0">
              <value>
                <![CDATA[]]>
              </value>
            </param>
            <param index="1">
              <value>
                <![CDATA[Raj]]>
              </value>
            </param>
            <param index="2">
              <value>
                <![CDATA[mraj12350@gmail.com]]>
              </value>
            </param>
            <param index="3">
              <value>
                <![CDATA[12345678]]>
              </value>
            </param>
            <param index="4">
              <value>
                <![CDATA[error]]>
              </value>
            </param>
          </params>
          <reporter-output>
          </reporter-output>
        </test-method> <!-- testSignUp -->
        <test-method is-config="true" signature="closeBrowser()[pri:0, instance:tests.TC_002_SignUpFunctionality@3738449f]" started-at="2025-04-13T18:59:04 IST" name="closeBrowser" finished-at="2025-04-13T18:59:04 IST" duration-ms="307" status="PASS">
          <reporter-output>
          </reporter-output>
        </test-method> <!-- closeBrowser -->
        <test-method is-config="true" signature="launchingBrowserAndLoadingURL(java.lang.String,java.lang.String)[pri:0, instance:tests.TC_002_SignUpFunctionality@3738449f]" started-at="2025-04-13T18:59:04 IST" name="launchingBrowserAndLoadingURL" finished-at="2025-04-13T18:59:07 IST" duration-ms="3037" status="PASS">
          <params>
            <param index="0">
              <value>
                <![CDATA[https://thinking-tester-contact-list.herokuapp.com/]]>
              </value>
            </param>
            <param index="1">
              <value>
                <![CDATA[Chrome]]>
              </value>
            </param>
          </params>
          <reporter-output>
          </reporter-output>
        </test-method> <!-- launchingBrowserAndLoadingURL -->
        <test-method signature="testSignUp(java.lang.String,java.lang.String,java.lang.String,java.lang.String,java.lang.String)[pri:0, instance:tests.TC_002_SignUpFunctionality@3738449f]" started-at="2025-04-13T18:59:07 IST" name="testSignUp" data-provider="signupData" finished-at="2025-04-13T18:59:09 IST" duration-ms="1896" status="PASS">
          <params>
            <param index="0">
              <value>
                <![CDATA[Muthu]]>
              </value>
            </param>
            <param index="1">
              <value>
                <![CDATA[]]>
              </value>
            </param>
            <param index="2">
              <value>
                <![CDATA[mraj12350@gmail.com]]>
              </value>
            </param>
            <param index="3">
              <value>
                <![CDATA[12345678]]>
              </value>
            </param>
            <param index="4">
              <value>
                <![CDATA[error]]>
              </value>
            </param>
          </params>
          <reporter-output>
          </reporter-output>
        </test-method> <!-- testSignUp -->
        <test-method is-config="true" signature="closeBrowser()[pri:0, instance:tests.TC_002_SignUpFunctionality@3738449f]" started-at="2025-04-13T18:59:09 IST" name="closeBrowser" finished-at="2025-04-13T18:59:09 IST" duration-ms="288" status="PASS">
          <reporter-output>
          </reporter-output>
        </test-method> <!-- closeBrowser -->
        <test-method is-config="true" signature="launchingBrowserAndLoadingURL(java.lang.String,java.lang.String)[pri:0, instance:tests.TC_002_SignUpFunctionality@3738449f]" started-at="2025-04-13T18:59:09 IST" name="launchingBrowserAndLoadingURL" finished-at="2025-04-13T18:59:13 IST" duration-ms="3381" status="PASS">
          <params>
            <param index="0">
              <value>
                <![CDATA[https://thinking-tester-contact-list.herokuapp.com/]]>
              </value>
            </param>
            <param index="1">
              <value>
                <![CDATA[Chrome]]>
              </value>
            </param>
          </params>
          <reporter-output>
          </reporter-output>
        </test-method> <!-- launchingBrowserAndLoadingURL -->
        <test-method signature="testSignUp(java.lang.String,java.lang.String,java.lang.String,java.lang.String,java.lang.String)[pri:0, instance:tests.TC_002_SignUpFunctionality@3738449f]" started-at="2025-04-13T18:59:13 IST" name="testSignUp" data-provider="signupData" finished-at="2025-04-13T18:59:15 IST" duration-ms="1823" status="PASS">
          <params>
            <param index="0">
              <value>
                <![CDATA[Muthu]]>
              </value>
            </param>
            <param index="1">
              <value>
                <![CDATA[Raj]]>
              </value>
            </param>
            <param index="2">
              <value>
                <![CDATA[]]>
              </value>
            </param>
            <param index="3">
              <value>
                <![CDATA[12345678]]>
              </value>
            </param>
            <param index="4">
              <value>
                <![CDATA[error]]>
              </value>
            </param>
          </params>
          <reporter-output>
          </reporter-output>
        </test-method> <!-- testSignUp -->
        <test-method is-config="true" signature="closeBrowser()[pri:0, instance:tests.TC_002_SignUpFunctionality@3738449f]" started-at="2025-04-13T18:59:15 IST" name="closeBrowser" finished-at="2025-04-13T18:59:15 IST" duration-ms="279" status="PASS">
          <reporter-output>
          </reporter-output>
        </test-method> <!-- closeBrowser -->
        <test-method is-config="true" signature="launchingBrowserAndLoadingURL(java.lang.String,java.lang.String)[pri:0, instance:tests.TC_002_SignUpFunctionality@3738449f]" started-at="2025-04-13T18:59:15 IST" name="launchingBrowserAndLoadingURL" finished-at="2025-04-13T18:59:19 IST" duration-ms="4339" status="PASS">
          <params>
            <param index="0">
              <value>
                <![CDATA[https://thinking-tester-contact-list.herokuapp.com/]]>
              </value>
            </param>
            <param index="1">
              <value>
                <![CDATA[Chrome]]>
              </value>
            </param>
          </params>
          <reporter-output>
          </reporter-output>
        </test-method> <!-- launchingBrowserAndLoadingURL -->
        <test-method signature="testSignUp(java.lang.String,java.lang.String,java.lang.String,java.lang.String,java.lang.String)[pri:0, instance:tests.TC_002_SignUpFunctionality@3738449f]" started-at="2025-04-13T18:59:19 IST" name="testSignUp" data-provider="signupData" finished-at="2025-04-13T18:59:21 IST" duration-ms="2300" status="PASS">
          <params>
            <param index="0">
              <value>
                <![CDATA[Muthu]]>
              </value>
            </param>
            <param index="1">
              <value>
                <![CDATA[Raj]]>
              </value>
            </param>
            <param index="2">
              <value>
                <![CDATA[mraj12350@gmail.com]]>
              </value>
            </param>
            <param index="3">
              <value>
                <![CDATA[]]>
              </value>
            </param>
            <param index="4">
              <value>
                <![CDATA[error]]>
              </value>
            </param>
          </params>
          <reporter-output>
          </reporter-output>
        </test-method> <!-- testSignUp -->
        <test-method is-config="true" signature="closeBrowser()[pri:0, instance:tests.TC_002_SignUpFunctionality@3738449f]" started-at="2025-04-13T18:59:21 IST" name="closeBrowser" finished-at="2025-04-13T18:59:22 IST" duration-ms="208" status="PASS">
          <reporter-output>
          </reporter-output>
        </test-method> <!-- closeBrowser -->
        <test-method is-config="true" signature="launchingBrowserAndLoadingURL(java.lang.String,java.lang.String)[pri:0, instance:tests.TC_002_SignUpFunctionality@3738449f]" started-at="2025-04-13T18:59:22 IST" name="launchingBrowserAndLoadingURL" finished-at="2025-04-13T18:59:25 IST" duration-ms="2894" status="PASS">
          <params>
            <param index="0">
              <value>
                <![CDATA[https://thinking-tester-contact-list.herokuapp.com/]]>
              </value>
            </param>
            <param index="1">
              <value>
                <![CDATA[Chrome]]>
              </value>
            </param>
          </params>
          <reporter-output>
          </reporter-output>
        </test-method> <!-- launchingBrowserAndLoadingURL -->
        <test-method signature="testSignUp(java.lang.String,java.lang.String,java.lang.String,java.lang.String,java.lang.String)[pri:0, instance:tests.TC_002_SignUpFunctionality@3738449f]" started-at="2025-04-13T18:59:25 IST" name="testSignUp" data-provider="signupData" finished-at="2025-04-13T18:59:26 IST" duration-ms="1305" status="PASS">
          <params>
            <param index="0">
              <value>
                <![CDATA[Muthu]]>
              </value>
            </param>
            <param index="1">
              <value>
                <![CDATA[Raj]]>
              </value>
            </param>
            <param index="2">
              <value>
                <![CDATA[mraj12350@gmail.com]]>
              </value>
            </param>
            <param index="3">
              <value>
                <![CDATA[12345678]]>
              </value>
            </param>
            <param index="4">
              <value>
                <![CDATA[success]]>
              </value>
            </param>
          </params>
          <reporter-output>
          </reporter-output>
        </test-method> <!-- testSignUp -->
        <test-method is-config="true" signature="closeBrowser()[pri:0, instance:tests.TC_002_SignUpFunctionality@3738449f]" started-at="2025-04-13T18:59:26 IST" name="closeBrowser" finished-at="2025-04-13T18:59:26 IST" duration-ms="169" status="PASS">
          <reporter-output>
          </reporter-output>
        </test-method> <!-- closeBrowser -->
      </class> <!-- tests.TC_002_SignUpFunctionality -->
      <class name="tests.TC_011_EditContact">
        <test-method is-config="true" signature="launchingBrowserAndLoadingURL(java.lang.String,java.lang.String)[pri:0, instance:tests.TC_011_EditContact@696da30b]" started-at="2025-04-13T18:57:53 IST" name="launchingBrowserAndLoadingURL" finished-at="2025-04-13T18:57:56 IST" duration-ms="2929" status="PASS">
          <params>
            <param index="0">
              <value>
                <![CDATA[https://thinking-tester-contact-list.herokuapp.com/]]>
              </value>
            </param>
            <param index="1">
              <value>
                <![CDATA[Chrome]]>
              </value>
            </param>
          </params>
          <reporter-output>
          </reporter-output>
        </test-method> <!-- launchingBrowserAndLoadingURL -->
        <test-method is-config="true" signature="setup()[pri:0, instance:tests.TC_011_EditContact@696da30b]" started-at="2025-04-13T18:57:56 IST" name="setup" finished-at="2025-04-13T18:57:56 IST" duration-ms="1" status="PASS">
          <reporter-output>
          </reporter-output>
        </test-method> <!-- setup -->
        <test-method signature="testContactEdit()[pri:0, instance:tests.TC_011_EditContact@696da30b]" started-at="2025-04-13T18:57:56 IST" name="testContactEdit" finished-at="2025-04-13T18:58:06 IST" duration-ms="9970" status="PASS">
          <reporter-output>
          </reporter-output>
        </test-method> <!-- testContactEdit -->
        <test-method is-config="true" signature="closeBrowser()[pri:0, instance:tests.TC_011_EditContact@696da30b]" started-at="2025-04-13T18:58:06 IST" name="closeBrowser" finished-at="2025-04-13T18:58:06 IST" duration-ms="316" status="PASS">
          <reporter-output>
          </reporter-output>
        </test-method> <!-- closeBrowser -->
      </class> <!-- tests.TC_011_EditContact -->
      <class name="tests.TC_014_LogoutButtonVisibility">
        <test-method is-config="true" signature="setup()[pri:0, instance:tests.TC_014_LogoutButtonVisibility@2bfc268b]" started-at="2025-04-13T18:56:27 IST" name="setup" finished-at="2025-04-13T18:56:27 IST" duration-ms="1" status="PASS">
          <reporter-output>
          </reporter-output>
        </test-method> <!-- setup -->
        <test-method is-config="true" signature="launchingBrowserAndLoadingURL(java.lang.String,java.lang.String)[pri:0, instance:tests.TC_014_LogoutButtonVisibility@2bfc268b]" started-at="2025-04-13T18:58:46 IST" name="launchingBrowserAndLoadingURL" finished-at="2025-04-13T18:58:50 IST" duration-ms="3927" status="PASS">
          <params>
            <param index="0">
              <value>
                <![CDATA[https://thinking-tester-contact-list.herokuapp.com/]]>
              </value>
            </param>
            <param index="1">
              <value>
                <![CDATA[Chrome]]>
              </value>
            </param>
          </params>
          <reporter-output>
          </reporter-output>
        </test-method> <!-- launchingBrowserAndLoadingURL -->
        <test-method signature="testLogoutButtonIsVisible()[pri:0, instance:tests.TC_014_LogoutButtonVisibility@2bfc268b]" started-at="2025-04-13T18:58:50 IST" name="testLogoutButtonIsVisible" finished-at="2025-04-13T18:58:53 IST" duration-ms="2311" status="PASS">
          <reporter-output>
          </reporter-output>
        </test-method> <!-- testLogoutButtonIsVisible -->
        <test-method is-config="true" signature="closeBrowser()[pri:0, instance:tests.TC_014_LogoutButtonVisibility@2bfc268b]" started-at="2025-04-13T18:58:53 IST" name="closeBrowser" finished-at="2025-04-13T18:58:53 IST" duration-ms="239" status="PASS">
          <reporter-output>
          </reporter-output>
        </test-method> <!-- closeBrowser -->
      </class> <!-- tests.TC_014_LogoutButtonVisibility -->
      <class name="tests.TC_006_AddContact">
        <test-method is-config="true" signature="setup()[pri:0, instance:tests.TC_006_AddContact@79da8dc5]" started-at="2025-04-13T18:56:27 IST" name="setup" finished-at="2025-04-13T18:56:27 IST" duration-ms="3" status="PASS">
          <reporter-output>
          </reporter-output>
        </test-method> <!-- setup -->
        <test-method is-config="true" signature="launchingBrowserAndLoadingURL(java.lang.String,java.lang.String)[pri:0, instance:tests.TC_006_AddContact@79da8dc5]" started-at="2025-04-13T18:56:27 IST" name="launchingBrowserAndLoadingURL" finished-at="2025-04-13T18:56:31 IST" duration-ms="4187" status="PASS">
          <params>
            <param index="0">
              <value>
                <![CDATA[https://thinking-tester-contact-list.herokuapp.com/]]>
              </value>
            </param>
            <param index="1">
              <value>
                <![CDATA[Chrome]]>
              </value>
            </param>
          </params>
          <reporter-output>
          </reporter-output>
        </test-method> <!-- launchingBrowserAndLoadingURL -->
        <test-method signature="testAddContact(java.lang.String,java.lang.String,java.lang.String,java.lang.String,java.lang.String,java.lang.String,java.lang.String,java.lang.String,java.lang.String,java.lang.String,java.lang.String,java.lang.String)[pri:0, instance:tests.TC_006_AddContact@79da8dc5]" started-at="2025-04-13T18:56:31 IST" name="testAddContact" data-provider="addContactData" finished-at="2025-04-13T18:56:35 IST" duration-ms="3995" status="PASS">
          <params>
            <param index="0">
              <value>
                <![CDATA[Arshad]]>
              </value>
            </param>
            <param index="1">
              <value>
                <![CDATA[Rehman]]>
              </value>
            </param>
            <param index="2">
              <value>
                <![CDATA[tttttt]]>
              </value>
            </param>
            <param index="3">
              <value>
                <![CDATA[rehman.arshad@gmail.com]]>
              </value>
            </param>
            <param index="4">
              <value>
                <![CDATA[9933546987]]>
              </value>
            </param>
            <param index="5">
              <value>
                <![CDATA[Dairy Farm]]>
              </value>
            </param>
            <param index="6">
              <value>
                <![CDATA[Terlabad]]>
              </value>
            </param>
            <param index="7">
              <value>
                <![CDATA[South Andaman]]>
              </value>
            </param>
            <param index="8">
              <value>
                <![CDATA[Andaman]]>
              </value>
            </param>
            <param index="9">
              <value>
                <![CDATA[744106]]>
              </value>
            </param>
            <param index="10">
              <value>
                <![CDATA[India]]>
              </value>
            </param>
            <param index="11">
              <value>
                <![CDATA[error]]>
              </value>
            </param>
          </params>
          <reporter-output>
          </reporter-output>
        </test-method> <!-- testAddContact -->
        <test-method is-config="true" signature="closeBrowser()[pri:0, instance:tests.TC_006_AddContact@79da8dc5]" started-at="2025-04-13T18:56:35 IST" name="closeBrowser" finished-at="2025-04-13T18:56:35 IST" duration-ms="235" status="PASS">
          <reporter-output>
          </reporter-output>
        </test-method> <!-- closeBrowser -->
        <test-method is-config="true" signature="launchingBrowserAndLoadingURL(java.lang.String,java.lang.String)[pri:0, instance:tests.TC_006_AddContact@79da8dc5]" started-at="2025-04-13T18:56:35 IST" name="launchingBrowserAndLoadingURL" finished-at="2025-04-13T18:56:40 IST" duration-ms="4719" status="PASS">
          <params>
            <param index="0">
              <value>
                <![CDATA[https://thinking-tester-contact-list.herokuapp.com/]]>
              </value>
            </param>
            <param index="1">
              <value>
                <![CDATA[Chrome]]>
              </value>
            </param>
          </params>
          <reporter-output>
          </reporter-output>
        </test-method> <!-- launchingBrowserAndLoadingURL -->
        <test-method signature="testAddContact(java.lang.String,java.lang.String,java.lang.String,java.lang.String,java.lang.String,java.lang.String,java.lang.String,java.lang.String,java.lang.String,java.lang.String,java.lang.String,java.lang.String)[pri:0, instance:tests.TC_006_AddContact@79da8dc5]" started-at="2025-04-13T18:56:40 IST" name="testAddContact" data-provider="addContactData" finished-at="2025-04-13T18:56:47 IST" duration-ms="6849" status="PASS">
          <params>
            <param index="0">
              <value>
                <![CDATA[]]>
              </value>
            </param>
            <param index="1">
              <value>
                <![CDATA[Rehman]]>
              </value>
            </param>
            <param index="2">
              <value>
                <![CDATA[1998-02-26]]>
              </value>
            </param>
            <param index="3">
              <value>
                <![CDATA[rehman.arshad@gmail.com]]>
              </value>
            </param>
            <param index="4">
              <value>
                <![CDATA[9933546987]]>
              </value>
            </param>
            <param index="5">
              <value>
                <![CDATA[Dairy Farm]]>
              </value>
            </param>
            <param index="6">
              <value>
                <![CDATA[Terlabad]]>
              </value>
            </param>
            <param index="7">
              <value>
                <![CDATA[South Andaman]]>
              </value>
            </param>
            <param index="8">
              <value>
                <![CDATA[Andaman]]>
              </value>
            </param>
            <param index="9">
              <value>
                <![CDATA[744106]]>
              </value>
            </param>
            <param index="10">
              <value>
                <![CDATA[India]]>
              </value>
            </param>
            <param index="11">
              <value>
                <![CDATA[error]]>
              </value>
            </param>
          </params>
          <reporter-output>
          </reporter-output>
        </test-method> <!-- testAddContact -->
        <test-method is-config="true" signature="closeBrowser()[pri:0, instance:tests.TC_006_AddContact@79da8dc5]" started-at="2025-04-13T18:56:47 IST" name="closeBrowser" finished-at="2025-04-13T18:56:47 IST" duration-ms="253" status="PASS">
          <reporter-output>
          </reporter-output>
        </test-method> <!-- closeBrowser -->
        <test-method is-config="true" signature="launchingBrowserAndLoadingURL(java.lang.String,java.lang.String)[pri:0, instance:tests.TC_006_AddContact@79da8dc5]" started-at="2025-04-13T18:56:47 IST" name="launchingBrowserAndLoadingURL" finished-at="2025-04-13T18:56:51 IST" duration-ms="3939" status="PASS">
          <params>
            <param index="0">
              <value>
                <![CDATA[https://thinking-tester-contact-list.herokuapp.com/]]>
              </value>
            </param>
            <param index="1">
              <value>
                <![CDATA[Chrome]]>
              </value>
            </param>
          </params>
          <reporter-output>
          </reporter-output>
        </test-method> <!-- launchingBrowserAndLoadingURL -->
        <test-method signature="testAddContact(java.lang.String,java.lang.String,java.lang.String,java.lang.String,java.lang.String,java.lang.String,java.lang.String,java.lang.String,java.lang.String,java.lang.String,java.lang.String,java.lang.String)[pri:0, instance:tests.TC_006_AddContact@79da8dc5]" started-at="2025-04-13T18:56:51 IST" name="testAddContact" data-provider="addContactData" finished-at="2025-04-13T18:56:55 IST" duration-ms="4056" status="PASS">
          <params>
            <param index="0">
              <value>
                <![CDATA[Arshad]]>
              </value>
            </param>
            <param index="1">
              <value>
                <![CDATA[]]>
              </value>
            </param>
            <param index="2">
              <value>
                <![CDATA[1998-02-26]]>
              </value>
            </param>
            <param index="3">
              <value>
                <![CDATA[rehman.arshad@gmail.com]]>
              </value>
            </param>
            <param index="4">
              <value>
                <![CDATA[9933546987]]>
              </value>
            </param>
            <param index="5">
              <value>
                <![CDATA[Dairy Farm]]>
              </value>
            </param>
            <param index="6">
              <value>
                <![CDATA[Terlabad]]>
              </value>
            </param>
            <param index="7">
              <value>
                <![CDATA[South Andaman]]>
              </value>
            </param>
            <param index="8">
              <value>
                <![CDATA[Andaman]]>
              </value>
            </param>
            <param index="9">
              <value>
                <![CDATA[744106]]>
              </value>
            </param>
            <param index="10">
              <value>
                <![CDATA[India]]>
              </value>
            </param>
            <param index="11">
              <value>
                <![CDATA[error]]>
              </value>
            </param>
          </params>
          <reporter-output>
          </reporter-output>
        </test-method> <!-- testAddContact -->
        <test-method is-config="true" signature="closeBrowser()[pri:0, instance:tests.TC_006_AddContact@79da8dc5]" started-at="2025-04-13T18:56:55 IST" name="closeBrowser" finished-at="2025-04-13T18:56:56 IST" duration-ms="297" status="PASS">
          <reporter-output>
          </reporter-output>
        </test-method> <!-- closeBrowser -->
        <test-method is-config="true" signature="launchingBrowserAndLoadingURL(java.lang.String,java.lang.String)[pri:0, instance:tests.TC_006_AddContact@79da8dc5]" started-at="2025-04-13T18:56:56 IST" name="launchingBrowserAndLoadingURL" finished-at="2025-04-13T18:57:00 IST" duration-ms="4373" status="PASS">
          <params>
            <param index="0">
              <value>
                <![CDATA[https://thinking-tester-contact-list.herokuapp.com/]]>
              </value>
            </param>
            <param index="1">
              <value>
                <![CDATA[Chrome]]>
              </value>
            </param>
          </params>
          <reporter-output>
          </reporter-output>
        </test-method> <!-- launchingBrowserAndLoadingURL -->
        <test-method signature="testAddContact(java.lang.String,java.lang.String,java.lang.String,java.lang.String,java.lang.String,java.lang.String,java.lang.String,java.lang.String,java.lang.String,java.lang.String,java.lang.String,java.lang.String)[pri:0, instance:tests.TC_006_AddContact@79da8dc5]" started-at="2025-04-13T18:57:00 IST" name="testAddContact" data-provider="addContactData" finished-at="2025-04-13T18:57:05 IST" duration-ms="4964" status="PASS">
          <params>
            <param index="0">
              <value>
                <![CDATA[]]>
              </value>
            </param>
            <param index="1">
              <value>
                <![CDATA[]]>
              </value>
            </param>
            <param index="2">
              <value>
                <![CDATA[1998-02-26]]>
              </value>
            </param>
            <param index="3">
              <value>
                <![CDATA[rehman.arshad@gmail.com]]>
              </value>
            </param>
            <param index="4">
              <value>
                <![CDATA[9933546987]]>
              </value>
            </param>
            <param index="5">
              <value>
                <![CDATA[Dairy Farm]]>
              </value>
            </param>
            <param index="6">
              <value>
                <![CDATA[Terlabad]]>
              </value>
            </param>
            <param index="7">
              <value>
                <![CDATA[South Andaman]]>
              </value>
            </param>
            <param index="8">
              <value>
                <![CDATA[Andaman]]>
              </value>
            </param>
            <param index="9">
              <value>
                <![CDATA[744106]]>
              </value>
            </param>
            <param index="10">
              <value>
                <![CDATA[India]]>
              </value>
            </param>
            <param index="11">
              <value>
                <![CDATA[error]]>
              </value>
            </param>
          </params>
          <reporter-output>
          </reporter-output>
        </test-method> <!-- testAddContact -->
        <test-method is-config="true" signature="closeBrowser()[pri:0, instance:tests.TC_006_AddContact@79da8dc5]" started-at="2025-04-13T18:57:05 IST" name="closeBrowser" finished-at="2025-04-13T18:57:05 IST" duration-ms="263" status="PASS">
          <reporter-output>
          </reporter-output>
        </test-method> <!-- closeBrowser -->
        <test-method is-config="true" signature="launchingBrowserAndLoadingURL(java.lang.String,java.lang.String)[pri:0, instance:tests.TC_006_AddContact@79da8dc5]" started-at="2025-04-13T18:57:05 IST" name="launchingBrowserAndLoadingURL" finished-at="2025-04-13T18:57:09 IST" duration-ms="3404" status="PASS">
          <params>
            <param index="0">
              <value>
                <![CDATA[https://thinking-tester-contact-list.herokuapp.com/]]>
              </value>
            </param>
            <param index="1">
              <value>
                <![CDATA[Chrome]]>
              </value>
            </param>
          </params>
          <reporter-output>
          </reporter-output>
        </test-method> <!-- launchingBrowserAndLoadingURL -->
        <test-method signature="testAddContact(java.lang.String,java.lang.String,java.lang.String,java.lang.String,java.lang.String,java.lang.String,java.lang.String,java.lang.String,java.lang.String,java.lang.String,java.lang.String,java.lang.String)[pri:0, instance:tests.TC_006_AddContact@79da8dc5]" started-at="2025-04-13T18:57:09 IST" name="testAddContact" data-provider="addContactData" finished-at="2025-04-13T18:57:12 IST" duration-ms="3879" status="PASS">
          <params>
            <param index="0">
              <value>
                <![CDATA[Arshad]]>
              </value>
            </param>
            <param index="1">
              <value>
                <![CDATA[Rehman]]>
              </value>
            </param>
            <param index="2">
              <value>
                <![CDATA[1998-02-26]]>
              </value>
            </param>
            <param index="3">
              <value>
                <![CDATA[rehman.arshad@gmail.com]]>
              </value>
            </param>
            <param index="4">
              <value>
                <![CDATA[tttttt]]>
              </value>
            </param>
            <param index="5">
              <value>
                <![CDATA[Dairy Farm]]>
              </value>
            </param>
            <param index="6">
              <value>
                <![CDATA[Terlabad]]>
              </value>
            </param>
            <param index="7">
              <value>
                <![CDATA[South Andaman]]>
              </value>
            </param>
            <param index="8">
              <value>
                <![CDATA[Andaman]]>
              </value>
            </param>
            <param index="9">
              <value>
                <![CDATA[744106]]>
              </value>
            </param>
            <param index="10">
              <value>
                <![CDATA[India]]>
              </value>
            </param>
            <param index="11">
              <value>
                <![CDATA[error]]>
              </value>
            </param>
          </params>
          <reporter-output>
          </reporter-output>
        </test-method> <!-- testAddContact -->
        <test-method is-config="true" signature="closeBrowser()[pri:0, instance:tests.TC_006_AddContact@79da8dc5]" started-at="2025-04-13T18:57:12 IST" name="closeBrowser" finished-at="2025-04-13T18:57:13 IST" duration-ms="204" status="PASS">
          <reporter-output>
          </reporter-output>
        </test-method> <!-- closeBrowser -->
        <test-method is-config="true" signature="launchingBrowserAndLoadingURL(java.lang.String,java.lang.String)[pri:0, instance:tests.TC_006_AddContact@79da8dc5]" started-at="2025-04-13T18:57:13 IST" name="launchingBrowserAndLoadingURL" finished-at="2025-04-13T18:57:16 IST" duration-ms="2970" status="PASS">
          <params>
            <param index="0">
              <value>
                <![CDATA[https://thinking-tester-contact-list.herokuapp.com/]]>
              </value>
            </param>
            <param index="1">
              <value>
                <![CDATA[Chrome]]>
              </value>
            </param>
          </params>
          <reporter-output>
          </reporter-output>
        </test-method> <!-- launchingBrowserAndLoadingURL -->
        <test-method signature="testAddContact(java.lang.String,java.lang.String,java.lang.String,java.lang.String,java.lang.String,java.lang.String,java.lang.String,java.lang.String,java.lang.String,java.lang.String,java.lang.String,java.lang.String)[pri:0, instance:tests.TC_006_AddContact@79da8dc5]" started-at="2025-04-13T18:57:16 IST" name="testAddContact" data-provider="addContactData" finished-at="2025-04-13T18:57:19 IST" duration-ms="3549" status="PASS">
          <params>
            <param index="0">
              <value>
                <![CDATA[Arshad]]>
              </value>
            </param>
            <param index="1">
              <value>
                <![CDATA[Rehman]]>
              </value>
            </param>
            <param index="2">
              <value>
                <![CDATA[1998-02-26]]>
              </value>
            </param>
            <param index="3">
              <value>
                <![CDATA[tttttt]]>
              </value>
            </param>
            <param index="4">
              <value>
                <![CDATA[9933546987]]>
              </value>
            </param>
            <param index="5">
              <value>
                <![CDATA[Dairy Farm]]>
              </value>
            </param>
            <param index="6">
              <value>
                <![CDATA[Terlabad]]>
              </value>
            </param>
            <param index="7">
              <value>
                <![CDATA[South Andaman]]>
              </value>
            </param>
            <param index="8">
              <value>
                <![CDATA[Andaman]]>
              </value>
            </param>
            <param index="9">
              <value>
                <![CDATA[744106]]>
              </value>
            </param>
            <param index="10">
              <value>
                <![CDATA[India]]>
              </value>
            </param>
            <param index="11">
              <value>
                <![CDATA[error]]>
              </value>
            </param>
          </params>
          <reporter-output>
          </reporter-output>
        </test-method> <!-- testAddContact -->
        <test-method is-config="true" signature="closeBrowser()[pri:0, instance:tests.TC_006_AddContact@79da8dc5]" started-at="2025-04-13T18:57:19 IST" name="closeBrowser" finished-at="2025-04-13T18:57:19 IST" duration-ms="262" status="PASS">
          <reporter-output>
          </reporter-output>
        </test-method> <!-- closeBrowser -->
        <test-method is-config="true" signature="launchingBrowserAndLoadingURL(java.lang.String,java.lang.String)[pri:0, instance:tests.TC_006_AddContact@79da8dc5]" started-at="2025-04-13T18:57:19 IST" name="launchingBrowserAndLoadingURL" finished-at="2025-04-13T18:57:22 IST" duration-ms="3032" status="PASS">
          <params>
            <param index="0">
              <value>
                <![CDATA[https://thinking-tester-contact-list.herokuapp.com/]]>
              </value>
            </param>
            <param index="1">
              <value>
                <![CDATA[Chrome]]>
              </value>
            </param>
          </params>
          <reporter-output>
          </reporter-output>
        </test-method> <!-- launchingBrowserAndLoadingURL -->
        <test-method signature="testAddContact(java.lang.String,java.lang.String,java.lang.String,java.lang.String,java.lang.String,java.lang.String,java.lang.String,java.lang.String,java.lang.String,java.lang.String,java.lang.String,java.lang.String)[pri:0, instance:tests.TC_006_AddContact@79da8dc5]" started-at="2025-04-13T18:57:22 IST" name="testAddContact" data-provider="addContactData" finished-at="2025-04-13T18:57:25 IST" duration-ms="3011" status="PASS">
          <params>
            <param index="0">
              <value>
                <![CDATA[Arshad]]>
              </value>
            </param>
            <param index="1">
              <value>
                <![CDATA[Rehman]]>
              </value>
            </param>
            <param index="2">
              <value>
                <![CDATA[1998-02-26]]>
              </value>
            </param>
            <param index="3">
              <value>
                <![CDATA[rehman.arshad@gmail.com]]>
              </value>
            </param>
            <param index="4">
              <value>
                <![CDATA[9933546987]]>
              </value>
            </param>
            <param index="5">
              <value>
                <![CDATA[Dairy Farm]]>
              </value>
            </param>
            <param index="6">
              <value>
                <![CDATA[Terlabad]]>
              </value>
            </param>
            <param index="7">
              <value>
                <![CDATA[South Andaman]]>
              </value>
            </param>
            <param index="8">
              <value>
                <![CDATA[Andaman]]>
              </value>
            </param>
            <param index="9">
              <value>
                <![CDATA[744106]]>
              </value>
            </param>
            <param index="10">
              <value>
                <![CDATA[India]]>
              </value>
            </param>
            <param index="11">
              <value>
                <![CDATA[success]]>
              </value>
            </param>
          </params>
          <reporter-output>
          </reporter-output>
        </test-method> <!-- testAddContact -->
        <test-method is-config="true" signature="closeBrowser()[pri:0, instance:tests.TC_006_AddContact@79da8dc5]" started-at="2025-04-13T18:57:25 IST" name="closeBrowser" finished-at="2025-04-13T18:57:26 IST" duration-ms="226" status="PASS">
          <reporter-output>
          </reporter-output>
        </test-method> <!-- closeBrowser -->
        <test-method is-config="true" signature="launchingBrowserAndLoadingURL(java.lang.String,java.lang.String)[pri:0, instance:tests.TC_006_AddContact@79da8dc5]" started-at="2025-04-13T18:57:26 IST" name="launchingBrowserAndLoadingURL" finished-at="2025-04-13T18:57:29 IST" duration-ms="2924" status="PASS">
          <params>
            <param index="0">
              <value>
                <![CDATA[https://thinking-tester-contact-list.herokuapp.com/]]>
              </value>
            </param>
            <param index="1">
              <value>
                <![CDATA[Chrome]]>
              </value>
            </param>
          </params>
          <reporter-output>
          </reporter-output>
        </test-method> <!-- launchingBrowserAndLoadingURL -->
        <test-method signature="testAddContact(java.lang.String,java.lang.String,java.lang.String,java.lang.String,java.lang.String,java.lang.String,java.lang.String,java.lang.String,java.lang.String,java.lang.String,java.lang.String,java.lang.String)[pri:0, instance:tests.TC_006_AddContact@79da8dc5]" started-at="2025-04-13T18:57:29 IST" name="testAddContact" data-provider="addContactData" finished-at="2025-04-13T18:57:31 IST" duration-ms="2726" status="PASS">
          <params>
            <param index="0">
              <value>
                <![CDATA[Dinesh]]>
              </value>
            </param>
            <param index="1">
              <value>
                <![CDATA[Kumar]]>
              </value>
            </param>
            <param index="2">
              <value>
                <![CDATA[]]>
              </value>
            </param>
            <param index="3">
              <value>
                <![CDATA[]]>
              </value>
            </param>
            <param index="4">
              <value>
                <![CDATA[]]>
              </value>
            </param>
            <param index="5">
              <value>
                <![CDATA[]]>
              </value>
            </param>
            <param index="6">
              <value>
                <![CDATA[]]>
              </value>
            </param>
            <param index="7">
              <value>
                <![CDATA[]]>
              </value>
            </param>
            <param index="8">
              <value>
                <![CDATA[]]>
              </value>
            </param>
            <param index="9">
              <value>
                <![CDATA[]]>
              </value>
            </param>
            <param index="10">
              <value>
                <![CDATA[]]>
              </value>
            </param>
            <param index="11">
              <value>
                <![CDATA[success]]>
              </value>
            </param>
          </params>
          <reporter-output>
          </reporter-output>
        </test-method> <!-- testAddContact -->
        <test-method is-config="true" signature="closeBrowser()[pri:0, instance:tests.TC_006_AddContact@79da8dc5]" started-at="2025-04-13T18:57:31 IST" name="closeBrowser" finished-at="2025-04-13T18:57:32 IST" duration-ms="327" status="PASS">
          <reporter-output>
          </reporter-output>
        </test-method> <!-- closeBrowser -->
      </class> <!-- tests.TC_006_AddContact -->
      <class name="tests.TC_007_CancelButtonFunctionality">
        <test-method is-config="true" signature="setup()[pri:0, instance:tests.TC_007_CancelButtonFunctionality@1eb5174b]" started-at="2025-04-13T18:56:27 IST" name="setup" finished-at="2025-04-13T18:56:27 IST" duration-ms="2" status="PASS">
          <reporter-output>
          </reporter-output>
        </test-method> <!-- setup -->
        <test-method is-config="true" signature="launchingBrowserAndLoadingURL(java.lang.String,java.lang.String)[pri:0, instance:tests.TC_007_CancelButtonFunctionality@1eb5174b]" started-at="2025-04-13T18:57:32 IST" name="launchingBrowserAndLoadingURL" finished-at="2025-04-13T18:57:35 IST" duration-ms="3048" status="PASS">
          <params>
            <param index="0">
              <value>
                <![CDATA[https://thinking-tester-contact-list.herokuapp.com/]]>
              </value>
            </param>
            <param index="1">
              <value>
                <![CDATA[Chrome]]>
              </value>
            </param>
          </params>
          <reporter-output>
          </reporter-output>
        </test-method> <!-- launchingBrowserAndLoadingURL -->
        <test-method signature="testAddContactCancelButton()[pri:0, instance:tests.TC_007_CancelButtonFunctionality@1eb5174b]" started-at="2025-04-13T18:57:35 IST" name="testAddContactCancelButton" finished-at="2025-04-13T18:57:38 IST" duration-ms="2917" status="PASS">
          <reporter-output>
          </reporter-output>
        </test-method> <!-- testAddContactCancelButton -->
        <test-method is-config="true" signature="closeBrowser()[pri:0, instance:tests.TC_007_CancelButtonFunctionality@1eb5174b]" started-at="2025-04-13T18:57:38 IST" name="closeBrowser" finished-at="2025-04-13T18:57:38 IST" duration-ms="245" status="PASS">
          <reporter-output>
          </reporter-output>
        </test-method> <!-- closeBrowser -->
      </class> <!-- tests.TC_007_CancelButtonFunctionality -->
      <class name="tests.TC_001_SignUpButtonVisibility">
        <test-method is-config="true" signature="setup()[pri:0, instance:tests.TC_001_SignUpButtonVisibility@140c9f39]" started-at="2025-04-13T18:56:27 IST" name="setup" finished-at="2025-04-13T18:56:27 IST" duration-ms="30" status="PASS">
          <reporter-output>
          </reporter-output>
        </test-method> <!-- setup -->
        <test-method is-config="true" signature="launchingBrowserAndLoadingURL(java.lang.String,java.lang.String)[pri:0, instance:tests.TC_001_SignUpButtonVisibility@140c9f39]" started-at="2025-04-13T18:59:26 IST" name="launchingBrowserAndLoadingURL" finished-at="2025-04-13T18:59:29 IST" duration-ms="2760" status="PASS">
          <params>
            <param index="0">
              <value>
                <![CDATA[https://thinking-tester-contact-list.herokuapp.com/]]>
              </value>
            </param>
            <param index="1">
              <value>
                <![CDATA[Chrome]]>
              </value>
            </param>
          </params>
          <reporter-output>
          </reporter-output>
        </test-method> <!-- launchingBrowserAndLoadingURL -->
        <test-method signature="testSignupButtonIsVisible()[pri:0, instance:tests.TC_001_SignUpButtonVisibility@140c9f39]" started-at="2025-04-13T18:59:29 IST" name="testSignupButtonIsVisible" finished-at="2025-04-13T18:59:29 IST" duration-ms="30" status="PASS">
          <reporter-output>
          </reporter-output>
        </test-method> <!-- testSignupButtonIsVisible -->
        <test-method is-config="true" signature="initPageObject()[pri:0, instance:tests.TC_001_SignUpButtonVisibility@140c9f39]" started-at="2025-04-13T18:59:29 IST" name="initPageObject" finished-at="2025-04-13T18:59:29 IST" duration-ms="0" status="PASS">
          <reporter-output>
          </reporter-output>
        </test-method> <!-- initPageObject -->
        <test-method is-config="true" signature="captureFailureScreenshot(org.testng.ITestResult)[pri:0, instance:tests.TC_001_SignUpButtonVisibility@140c9f39]" started-at="2025-04-13T18:59:29 IST" name="captureFailureScreenshot" finished-at="2025-04-13T18:59:29 IST" duration-ms="1" status="PASS">
          <params>
            <param index="0">
              <value>
                <![CDATA[[TestResult name=testSignupButtonIsVisible status=SUCCESS method=TC_001_SignUpButtonVisibility.testSignupButtonIsVisible()[pri:0, instance:tests.TC_001_SignUpButtonVisibility@140c9f39] output={null}]]]>
              </value>
            </param>
          </params>
          <reporter-output>
          </reporter-output>
        </test-method> <!-- captureFailureScreenshot -->
        <test-method is-config="true" signature="closeBrowser()[pri:0, instance:tests.TC_001_SignUpButtonVisibility@140c9f39]" started-at="2025-04-13T18:59:29 IST" name="closeBrowser" finished-at="2025-04-13T18:59:29 IST" duration-ms="196" status="PASS">
          <reporter-output>
          </reporter-output>
        </test-method> <!-- closeBrowser -->
        <test-method is-config="true" signature="launchingBrowserAndLoadingURL(java.lang.String,java.lang.String)[pri:0, instance:tests.TC_001_SignUpButtonVisibility@140c9f39]" started-at="2025-04-13T18:59:50 IST" name="launchingBrowserAndLoadingURL" finished-at="2025-04-13T18:59:53 IST" duration-ms="2644" status="PASS">
          <params>
            <param index="0">
              <value>
                <![CDATA[https://thinking-tester-contact-list.herokuapp.com/]]>
              </value>
            </param>
            <param index="1">
              <value>
                <![CDATA[Chrome]]>
              </value>
            </param>
          </params>
          <reporter-output>
          </reporter-output>
        </test-method> <!-- launchingBrowserAndLoadingURL -->
        <test-method signature="testSignupButtonIsClickable()[pri:2, instance:tests.TC_001_SignUpButtonVisibility@140c9f39]" started-at="2025-04-13T18:59:53 IST" name="testSignupButtonIsClickable" finished-at="2025-04-13T18:59:53 IST" duration-ms="33" status="PASS">
          <reporter-output>
          </reporter-output>
        </test-method> <!-- testSignupButtonIsClickable -->
        <test-method is-config="true" signature="initPageObject()[pri:0, instance:tests.TC_001_SignUpButtonVisibility@140c9f39]" started-at="2025-04-13T18:59:53 IST" name="initPageObject" finished-at="2025-04-13T18:59:53 IST" duration-ms="0" status="PASS">
          <reporter-output>
          </reporter-output>
        </test-method> <!-- initPageObject -->
        <test-method is-config="true" signature="captureFailureScreenshot(org.testng.ITestResult)[pri:0, instance:tests.TC_001_SignUpButtonVisibility@140c9f39]" started-at="2025-04-13T18:59:53 IST" name="captureFailureScreenshot" finished-at="2025-04-13T18:59:53 IST" duration-ms="0" status="PASS">
          <params>
            <param index="0">
              <value>
                <![CDATA[[TestResult name=testSignupButtonIsClickable status=SUCCESS method=TC_001_SignUpButtonVisibility.testSignupButtonIsClickable()[pri:2, instance:tests.TC_001_SignUpButtonVisibility@140c9f39] output={null}]]]>
              </value>
            </param>
          </params>
          <reporter-output>
          </reporter-output>
        </test-method> <!-- captureFailureScreenshot -->
        <test-method is-config="true" signature="closeBrowser()[pri:0, instance:tests.TC_001_SignUpButtonVisibility@140c9f39]" started-at="2025-04-13T18:59:53 IST" name="closeBrowser" finished-at="2025-04-13T18:59:53 IST" duration-ms="163" status="PASS">
          <reporter-output>
          </reporter-output>
        </test-method> <!-- closeBrowser -->
      </class> <!-- tests.TC_001_SignUpButtonVisibility -->
      <class name="tests.TC_012_DeleteContactButton">
        <test-method is-config="true" signature="launchingBrowserAndLoadingURL(java.lang.String,java.lang.String)[pri:0, instance:tests.TC_012_DeleteContactButton@4e7912d8]" started-at="2025-04-13T18:58:06 IST" name="launchingBrowserAndLoadingURL" finished-at="2025-04-13T18:58:10 IST" duration-ms="3573" status="PASS">
          <params>
            <param index="0">
              <value>
                <![CDATA[https://thinking-tester-contact-list.herokuapp.com/]]>
              </value>
            </param>
            <param index="1">
              <value>
                <![CDATA[Chrome]]>
              </value>
            </param>
          </params>
          <reporter-output>
          </reporter-output>
        </test-method> <!-- launchingBrowserAndLoadingURL -->
        <test-method is-config="true" signature="setup()[pri:0, instance:tests.TC_012_DeleteContactButton@4e7912d8]" started-at="2025-04-13T18:58:10 IST" name="setup" finished-at="2025-04-13T18:58:10 IST" duration-ms="1" status="PASS">
          <reporter-output>
          </reporter-output>
        </test-method> <!-- setup -->
        <test-method signature="testDeleteContact()[pri:0, instance:tests.TC_012_DeleteContactButton@4e7912d8]" started-at="2025-04-13T18:58:10 IST" name="testDeleteContact" finished-at="2025-04-13T18:58:15 IST" duration-ms="5013" status="PASS">
          <reporter-output>
          </reporter-output>
        </test-method> <!-- testDeleteContact -->
        <test-method is-config="true" signature="closeBrowser()[pri:0, instance:tests.TC_012_DeleteContactButton@4e7912d8]" started-at="2025-04-13T18:58:15 IST" name="closeBrowser" finished-at="2025-04-13T18:58:15 IST" duration-ms="276" status="PASS">
          <reporter-output>
          </reporter-output>
        </test-method> <!-- closeBrowser -->
      </class> <!-- tests.TC_012_DeleteContactButton -->
      <class name="tests.TC_008_ContactListSortedTest">
        <test-method is-config="true" signature="setup()[pri:0, instance:tests.TC_008_ContactListSortedTest@67080771]" started-at="2025-04-13T18:56:27 IST" name="setup" finished-at="2025-04-13T18:56:27 IST" duration-ms="1" status="PASS">
          <reporter-output>
          </reporter-output>
        </test-method> <!-- setup -->
        <test-method is-config="true" signature="launchingBrowserAndLoadingURL(java.lang.String,java.lang.String)[pri:0, instance:tests.TC_008_ContactListSortedTest@67080771]" started-at="2025-04-13T18:57:38 IST" name="launchingBrowserAndLoadingURL" finished-at="2025-04-13T18:57:41 IST" duration-ms="3173" status="PASS">
          <params>
            <param index="0">
              <value>
                <![CDATA[https://thinking-tester-contact-list.herokuapp.com/]]>
              </value>
            </param>
            <param index="1">
              <value>
                <![CDATA[Chrome]]>
              </value>
            </param>
          </params>
          <reporter-output>
          </reporter-output>
        </test-method> <!-- launchingBrowserAndLoadingURL -->
        <test-method signature="testAddContactCancelButton()[pri:0, instance:tests.TC_008_ContactListSortedTest@67080771]" started-at="2025-04-13T18:57:41 IST" name="testAddContactCancelButton" finished-at="2025-04-13T18:57:43 IST" duration-ms="1575" status="PASS">
          <reporter-output>
          </reporter-output>
        </test-method> <!-- testAddContactCancelButton -->
        <test-method is-config="true" signature="closeBrowser()[pri:0, instance:tests.TC_008_ContactListSortedTest@67080771]" started-at="2025-04-13T18:57:43 IST" name="closeBrowser" finished-at="2025-04-13T18:57:43 IST" duration-ms="210" status="PASS">
          <reporter-output>
          </reporter-output>
        </test-method> <!-- closeBrowser -->
      </class> <!-- tests.TC_008_ContactListSortedTest -->
      <class name="tests.TC_003_LoginButtonVisibility">
        <test-method is-config="true" signature="setup()[pri:0, instance:tests.TC_003_LoginButtonVisibility@69e1dd28]" started-at="2025-04-13T18:56:27 IST" name="setup" finished-at="2025-04-13T18:56:27 IST" duration-ms="1" status="PASS">
          <reporter-output>
          </reporter-output>
        </test-method> <!-- setup -->
        <test-method is-config="true" signature="launchingBrowserAndLoadingURL(java.lang.String,java.lang.String)[pri:0, instance:tests.TC_003_LoginButtonVisibility@69e1dd28]" started-at="2025-04-13T18:59:39 IST" name="launchingBrowserAndLoadingURL" finished-at="2025-04-13T18:59:42 IST" duration-ms="3334" status="PASS">
          <params>
            <param index="0">
              <value>
                <![CDATA[https://thinking-tester-contact-list.herokuapp.com/]]>
              </value>
            </param>
            <param index="1">
              <value>
                <![CDATA[Chrome]]>
              </value>
            </param>
          </params>
          <reporter-output>
          </reporter-output>
        </test-method> <!-- launchingBrowserAndLoadingURL -->
        <test-method signature="testLoginSubmitButtonIsVisible()[pri:1, instance:tests.TC_003_LoginButtonVisibility@69e1dd28]" started-at="2025-04-13T18:59:42 IST" name="testLoginSubmitButtonIsVisible" finished-at="2025-04-13T18:59:42 IST" duration-ms="44" status="PASS">
          <reporter-output>
          </reporter-output>
        </test-method> <!-- testLoginSubmitButtonIsVisible -->
        <test-method is-config="true" signature="captureFailureScreenshot(org.testng.ITestResult)[pri:0, instance:tests.TC_003_LoginButtonVisibility@69e1dd28]" started-at="2025-04-13T18:59:42 IST" name="captureFailureScreenshot" finished-at="2025-04-13T18:59:42 IST" duration-ms="1" status="PASS">
          <params>
            <param index="0">
              <value>
                <![CDATA[[TestResult name=testLoginSubmitButtonIsVisible status=SUCCESS method=TC_003_LoginButtonVisibility.testLoginSubmitButtonIsVisible()[pri:1, instance:tests.TC_003_LoginButtonVisibility@69e1dd28] output={null}]]]>
              </value>
            </param>
          </params>
          <reporter-output>
          </reporter-output>
        </test-method> <!-- captureFailureScreenshot -->
        <test-method is-config="true" signature="closeBrowser()[pri:0, instance:tests.TC_003_LoginButtonVisibility@69e1dd28]" started-at="2025-04-13T18:59:42 IST" name="closeBrowser" finished-at="2025-04-13T18:59:42 IST" duration-ms="248" status="PASS">
          <reporter-output>
          </reporter-output>
        </test-method> <!-- closeBrowser -->
        <test-method is-config="true" signature="launchingBrowserAndLoadingURL(java.lang.String,java.lang.String)[pri:0, instance:tests.TC_003_LoginButtonVisibility@69e1dd28]" started-at="2025-04-13T18:59:47 IST" name="launchingBrowserAndLoadingURL" finished-at="2025-04-13T18:59:50 IST" duration-ms="2901" status="PASS">
          <params>
            <param index="0">
              <value>
                <![CDATA[https://thinking-tester-contact-list.herokuapp.com/]]>
              </value>
            </param>
            <param index="1">
              <value>
                <![CDATA[Chrome]]>
              </value>
            </param>
          </params>
          <reporter-output>
          </reporter-output>
        </test-method> <!-- launchingBrowserAndLoadingURL -->
        <test-method signature="testLoginSubmitButtonIsClickable()[pri:2, instance:tests.TC_003_LoginButtonVisibility@69e1dd28]" started-at="2025-04-13T18:59:50 IST" name="testLoginSubmitButtonIsClickable" finished-at="2025-04-13T18:59:50 IST" duration-ms="25" status="PASS">
          <reporter-output>
          </reporter-output>
        </test-method> <!-- testLoginSubmitButtonIsClickable -->
        <test-method is-config="true" signature="captureFailureScreenshot(org.testng.ITestResult)[pri:0, instance:tests.TC_003_LoginButtonVisibility@69e1dd28]" started-at="2025-04-13T18:59:50 IST" name="captureFailureScreenshot" finished-at="2025-04-13T18:59:50 IST" duration-ms="0" status="PASS">
          <params>
            <param index="0">
              <value>
                <![CDATA[[TestResult name=testLoginSubmitButtonIsClickable status=SUCCESS method=TC_003_LoginButtonVisibility.testLoginSubmitButtonIsClickable()[pri:2, instance:tests.TC_003_LoginButtonVisibility@69e1dd28] output={null}]]]>
              </value>
            </param>
          </params>
          <reporter-output>
          </reporter-output>
        </test-method> <!-- captureFailureScreenshot -->
        <test-method is-config="true" signature="closeBrowser()[pri:0, instance:tests.TC_003_LoginButtonVisibility@69e1dd28]" started-at="2025-04-13T18:59:50 IST" name="closeBrowser" finished-at="2025-04-13T18:59:50 IST" duration-ms="205" status="PASS">
          <reporter-output>
          </reporter-output>
        </test-method> <!-- closeBrowser -->
      </class> <!-- tests.TC_003_LoginButtonVisibility -->
      <class name="tests.TC_004_LoginFunctionality">
        <test-method is-config="true" signature="setup()[pri:0, instance:tests.TC_004_LoginFunctionality@11bd0f3b]" started-at="2025-04-13T18:56:27 IST" name="setup" finished-at="2025-04-13T18:56:27 IST" duration-ms="1" status="PASS">
          <reporter-output>
          </reporter-output>
        </test-method> <!-- setup -->
        <test-method is-config="true" signature="launchingBrowserAndLoadingURL(java.lang.String,java.lang.String)[pri:0, instance:tests.TC_004_LoginFunctionality@11bd0f3b]" started-at="2025-04-13T18:58:24 IST" name="launchingBrowserAndLoadingURL" finished-at="2025-04-13T18:58:27 IST" duration-ms="2981" status="PASS">
          <params>
            <param index="0">
              <value>
                <![CDATA[https://thinking-tester-contact-list.herokuapp.com/]]>
              </value>
            </param>
            <param index="1">
              <value>
                <![CDATA[Chrome]]>
              </value>
            </param>
          </params>
          <reporter-output>
          </reporter-output>
        </test-method> <!-- launchingBrowserAndLoadingURL -->
        <test-method signature="testLogin(java.lang.String,java.lang.String,java.lang.String)[pri:0, instance:tests.TC_004_LoginFunctionality@11bd0f3b]" started-at="2025-04-13T18:58:27 IST" name="testLogin" data-provider="loginData" finished-at="2025-04-13T18:58:28 IST" duration-ms="948" status="PASS">
          <params>
            <param index="0">
              <value>
                <![CDATA[]]>
              </value>
            </param>
            <param index="1">
              <value>
                <![CDATA[12345678]]>
              </value>
            </param>
            <param index="2">
              <value>
                <![CDATA[error]]>
              </value>
            </param>
          </params>
          <reporter-output>
          </reporter-output>
        </test-method> <!-- testLogin -->
        <test-method is-config="true" signature="captureFailureScreenshot(org.testng.ITestResult)[pri:0, instance:tests.TC_004_LoginFunctionality@11bd0f3b]" started-at="2025-04-13T18:58:28 IST" name="captureFailureScreenshot" finished-at="2025-04-13T18:58:28 IST" duration-ms="2" status="PASS">
          <params>
            <param index="0">
              <value>
                <![CDATA[[TestResult name=testLogin status=SUCCESS method=TC_004_LoginFunctionality.testLogin(java.lang.String,java.lang.String,java.lang.String)[pri:0, instance:tests.TC_004_LoginFunctionality@11bd0f3b] output={null}]]]>
              </value>
            </param>
          </params>
          <reporter-output>
          </reporter-output>
        </test-method> <!-- captureFailureScreenshot -->
        <test-method is-config="true" signature="closeBrowser()[pri:0, instance:tests.TC_004_LoginFunctionality@11bd0f3b]" started-at="2025-04-13T18:58:28 IST" name="closeBrowser" finished-at="2025-04-13T18:58:29 IST" duration-ms="332" status="PASS">
          <reporter-output>
          </reporter-output>
        </test-method> <!-- closeBrowser -->
        <test-method is-config="true" signature="launchingBrowserAndLoadingURL(java.lang.String,java.lang.String)[pri:0, instance:tests.TC_004_LoginFunctionality@11bd0f3b]" started-at="2025-04-13T18:58:29 IST" name="launchingBrowserAndLoadingURL" finished-at="2025-04-13T18:58:33 IST" duration-ms="4138" status="PASS">
          <params>
            <param index="0">
              <value>
                <![CDATA[https://thinking-tester-contact-list.herokuapp.com/]]>
              </value>
            </param>
            <param index="1">
              <value>
                <![CDATA[Chrome]]>
              </value>
            </param>
          </params>
          <reporter-output>
          </reporter-output>
        </test-method> <!-- launchingBrowserAndLoadingURL -->
        <test-method signature="testLogin(java.lang.String,java.lang.String,java.lang.String)[pri:0, instance:tests.TC_004_LoginFunctionality@11bd0f3b]" started-at="2025-04-13T18:58:33 IST" name="testLogin" data-provider="loginData" finished-at="2025-04-13T18:58:34 IST" duration-ms="966" status="PASS">
          <params>
            <param index="0">
              <value>
                <![CDATA[mraj12350@gmail.com]]>
              </value>
            </param>
            <param index="1">
              <value>
                <![CDATA[]]>
              </value>
            </param>
            <param index="2">
              <value>
                <![CDATA[error]]>
              </value>
            </param>
          </params>
          <reporter-output>
          </reporter-output>
        </test-method> <!-- testLogin -->
        <test-method is-config="true" signature="captureFailureScreenshot(org.testng.ITestResult)[pri:0, instance:tests.TC_004_LoginFunctionality@11bd0f3b]" started-at="2025-04-13T18:58:34 IST" name="captureFailureScreenshot" finished-at="2025-04-13T18:58:34 IST" duration-ms="0" status="PASS">
          <params>
            <param index="0">
              <value>
                <![CDATA[[TestResult name=testLogin status=SUCCESS method=TC_004_LoginFunctionality.testLogin(java.lang.String,java.lang.String,java.lang.String)[pri:0, instance:tests.TC_004_LoginFunctionality@11bd0f3b] output={null}]]]>
              </value>
            </param>
          </params>
          <reporter-output>
          </reporter-output>
        </test-method> <!-- captureFailureScreenshot -->
        <test-method is-config="true" signature="closeBrowser()[pri:0, instance:tests.TC_004_LoginFunctionality@11bd0f3b]" started-at="2025-04-13T18:58:34 IST" name="closeBrowser" finished-at="2025-04-13T18:58:34 IST" duration-ms="273" status="PASS">
          <reporter-output>
          </reporter-output>
        </test-method> <!-- closeBrowser -->
        <test-method is-config="true" signature="launchingBrowserAndLoadingURL(java.lang.String,java.lang.String)[pri:0, instance:tests.TC_004_LoginFunctionality@11bd0f3b]" started-at="2025-04-13T18:58:34 IST" name="launchingBrowserAndLoadingURL" finished-at="2025-04-13T18:58:37 IST" duration-ms="2958" status="PASS">
          <params>
            <param index="0">
              <value>
                <![CDATA[https://thinking-tester-contact-list.herokuapp.com/]]>
              </value>
            </param>
            <param index="1">
              <value>
                <![CDATA[Chrome]]>
              </value>
            </param>
          </params>
          <reporter-output>
          </reporter-output>
        </test-method> <!-- launchingBrowserAndLoadingURL -->
        <test-method signature="testLogin(java.lang.String,java.lang.String,java.lang.String)[pri:0, instance:tests.TC_004_LoginFunctionality@11bd0f3b]" started-at="2025-04-13T18:58:37 IST" name="testLogin" data-provider="loginData" finished-at="2025-04-13T18:58:38 IST" duration-ms="1008" status="PASS">
          <params>
            <param index="0">
              <value>
                <![CDATA[mraj12350@gmail.com]]>
              </value>
            </param>
            <param index="1">
              <value>
                <![CDATA[PPPPPPPP]]>
              </value>
            </param>
            <param index="2">
              <value>
                <![CDATA[error]]>
              </value>
            </param>
          </params>
          <reporter-output>
          </reporter-output>
        </test-method> <!-- testLogin -->
        <test-method is-config="true" signature="captureFailureScreenshot(org.testng.ITestResult)[pri:0, instance:tests.TC_004_LoginFunctionality@11bd0f3b]" started-at="2025-04-13T18:58:38 IST" name="captureFailureScreenshot" finished-at="2025-04-13T18:58:38 IST" duration-ms="1" status="PASS">
          <params>
            <param index="0">
              <value>
                <![CDATA[[TestResult name=testLogin status=SUCCESS method=TC_004_LoginFunctionality.testLogin(java.lang.String,java.lang.String,java.lang.String)[pri:0, instance:tests.TC_004_LoginFunctionality@11bd0f3b] output={null}]]]>
              </value>
            </param>
          </params>
          <reporter-output>
          </reporter-output>
        </test-method> <!-- captureFailureScreenshot -->
        <test-method is-config="true" signature="closeBrowser()[pri:0, instance:tests.TC_004_LoginFunctionality@11bd0f3b]" started-at="2025-04-13T18:58:38 IST" name="closeBrowser" finished-at="2025-04-13T18:58:38 IST" duration-ms="356" status="PASS">
          <reporter-output>
          </reporter-output>
        </test-method> <!-- closeBrowser -->
        <test-method is-config="true" signature="launchingBrowserAndLoadingURL(java.lang.String,java.lang.String)[pri:0, instance:tests.TC_004_LoginFunctionality@11bd0f3b]" started-at="2025-04-13T18:58:38 IST" name="launchingBrowserAndLoadingURL" finished-at="2025-04-13T18:58:42 IST" duration-ms="3481" status="PASS">
          <params>
            <param index="0">
              <value>
                <![CDATA[https://thinking-tester-contact-list.herokuapp.com/]]>
              </value>
            </param>
            <param index="1">
              <value>
                <![CDATA[Chrome]]>
              </value>
            </param>
          </params>
          <reporter-output>
          </reporter-output>
        </test-method> <!-- launchingBrowserAndLoadingURL -->
        <test-method signature="testLogin(java.lang.String,java.lang.String,java.lang.String)[pri:0, instance:tests.TC_004_LoginFunctionality@11bd0f3b]" started-at="2025-04-13T18:58:42 IST" name="testLogin" data-provider="loginData" finished-at="2025-04-13T18:58:43 IST" duration-ms="964" status="PASS">
          <params>
            <param index="0">
              <value>
                <![CDATA[rmaj12@gmail.com]]>
              </value>
            </param>
            <param index="1">
              <value>
                <![CDATA[12345678]]>
              </value>
            </param>
            <param index="2">
              <value>
                <![CDATA[error]]>
              </value>
            </param>
          </params>
          <reporter-output>
          </reporter-output>
        </test-method> <!-- testLogin -->
        <test-method is-config="true" signature="captureFailureScreenshot(org.testng.ITestResult)[pri:0, instance:tests.TC_004_LoginFunctionality@11bd0f3b]" started-at="2025-04-13T18:58:43 IST" name="captureFailureScreenshot" finished-at="2025-04-13T18:58:43 IST" duration-ms="1" status="PASS">
          <params>
            <param index="0">
              <value>
                <![CDATA[[TestResult name=testLogin status=SUCCESS method=TC_004_LoginFunctionality.testLogin(java.lang.String,java.lang.String,java.lang.String)[pri:0, instance:tests.TC_004_LoginFunctionality@11bd0f3b] output={null}]]]>
              </value>
            </param>
          </params>
          <reporter-output>
          </reporter-output>
        </test-method> <!-- captureFailureScreenshot -->
        <test-method is-config="true" signature="closeBrowser()[pri:0, instance:tests.TC_004_LoginFunctionality@11bd0f3b]" started-at="2025-04-13T18:58:43 IST" name="closeBrowser" finished-at="2025-04-13T18:58:43 IST" duration-ms="211" status="PASS">
          <reporter-output>
          </reporter-output>
        </test-method> <!-- closeBrowser -->
        <test-method is-config="true" signature="launchingBrowserAndLoadingURL(java.lang.String,java.lang.String)[pri:0, instance:tests.TC_004_LoginFunctionality@11bd0f3b]" started-at="2025-04-13T18:58:43 IST" name="launchingBrowserAndLoadingURL" finished-at="2025-04-13T18:58:46 IST" duration-ms="2841" status="PASS">
          <params>
            <param index="0">
              <value>
                <![CDATA[https://thinking-tester-contact-list.herokuapp.com/]]>
              </value>
            </param>
            <param index="1">
              <value>
                <![CDATA[Chrome]]>
              </value>
            </param>
          </params>
          <reporter-output>
          </reporter-output>
        </test-method> <!-- launchingBrowserAndLoadingURL -->
        <test-method signature="testLogin(java.lang.String,java.lang.String,java.lang.String)[pri:0, instance:tests.TC_004_LoginFunctionality@11bd0f3b]" started-at="2025-04-13T18:58:46 IST" name="testLogin" data-provider="loginData" finished-at="2025-04-13T18:58:46 IST" duration-ms="335" status="PASS">
          <params>
            <param index="0">
              <value>
                <![CDATA[mraj12350@gmail.com]]>
              </value>
            </param>
            <param index="1">
              <value>
                <![CDATA[12345678]]>
              </value>
            </param>
            <param index="2">
              <value>
                <![CDATA[success]]>
              </value>
            </param>
          </params>
          <reporter-output>
          </reporter-output>
        </test-method> <!-- testLogin -->
        <test-method is-config="true" signature="closeBrowser()[pri:0, instance:tests.TC_004_LoginFunctionality@11bd0f3b]" started-at="2025-04-13T18:58:46 IST" name="closeBrowser" finished-at="2025-04-13T18:58:46 IST" duration-ms="219" status="PASS">
          <reporter-output>
          </reporter-output>
        </test-method> <!-- closeBrowser -->
        <test-method is-config="true" signature="captureFailureScreenshot(org.testng.ITestResult)[pri:0, instance:tests.TC_004_LoginFunctionality@11bd0f3b]" started-at="2025-04-13T18:58:46 IST" name="captureFailureScreenshot" finished-at="2025-04-13T18:58:46 IST" duration-ms="0" status="PASS">
          <params>
            <param index="0">
              <value>
                <![CDATA[[TestResult name=testLogin status=SUCCESS method=TC_004_LoginFunctionality.testLogin(java.lang.String,java.lang.String,java.lang.String)[pri:0, instance:tests.TC_004_LoginFunctionality@11bd0f3b] output={null}]]]>
              </value>
            </param>
          </params>
          <reporter-output>
          </reporter-output>
        </test-method> <!-- captureFailureScreenshot -->
      </class> <!-- tests.TC_004_LoginFunctionality -->
      <class name="tests.TC_005_AddNewContactButton">
        <test-method is-config="true" signature="launchingBrowserAndLoadingURL(java.lang.String,java.lang.String)[pri:0, instance:tests.TC_005_AddNewContactButton@c333c60]" started-at="2025-04-13T18:59:29 IST" name="launchingBrowserAndLoadingURL" finished-at="2025-04-13T18:59:37 IST" duration-ms="7892" status="PASS">
          <params>
            <param index="0">
              <value>
                <![CDATA[https://thinking-tester-contact-list.herokuapp.com/]]>
              </value>
            </param>
            <param index="1">
              <value>
                <![CDATA[Chrome]]>
              </value>
            </param>
          </params>
          <reporter-output>
          </reporter-output>
        </test-method> <!-- launchingBrowserAndLoadingURL -->
        <test-method is-config="true" signature="setup()[pri:0, instance:tests.TC_005_AddNewContactButton@c333c60]" started-at="2025-04-13T18:59:37 IST" name="setup" finished-at="2025-04-13T18:59:37 IST" duration-ms="373" status="PASS">
          <reporter-output>
          </reporter-output>
        </test-method> <!-- setup -->
        <test-method signature="testAddContactButtonIsVisible()[pri:1, instance:tests.TC_005_AddNewContactButton@c333c60]" started-at="2025-04-13T18:59:37 IST" name="testAddContactButtonIsVisible" finished-at="2025-04-13T18:59:38 IST" duration-ms="1137" status="PASS">
          <reporter-output>
          </reporter-output>
        </test-method> <!-- testAddContactButtonIsVisible -->
        <test-method is-config="true" signature="closeBrowser()[pri:0, instance:tests.TC_005_AddNewContactButton@c333c60]" started-at="2025-04-13T18:59:38 IST" name="closeBrowser" finished-at="2025-04-13T18:59:39 IST" duration-ms="276" status="PASS">
          <reporter-output>
          </reporter-output>
        </test-method> <!-- closeBrowser -->
        <test-method is-config="true" signature="launchingBrowserAndLoadingURL(java.lang.String,java.lang.String)[pri:0, instance:tests.TC_005_AddNewContactButton@c333c60]" started-at="2025-04-13T18:59:42 IST" name="launchingBrowserAndLoadingURL" finished-at="2025-04-13T18:59:45 IST" duration-ms="3086" status="PASS">
          <params>
            <param index="0">
              <value>
                <![CDATA[https://thinking-tester-contact-list.herokuapp.com/]]>
              </value>
            </param>
            <param index="1">
              <value>
                <![CDATA[Chrome]]>
              </value>
            </param>
          </params>
          <reporter-output>
          </reporter-output>
        </test-method> <!-- launchingBrowserAndLoadingURL -->
        <test-method is-config="true" signature="setup()[pri:0, instance:tests.TC_005_AddNewContactButton@c333c60]" started-at="2025-04-13T18:59:45 IST" name="setup" finished-at="2025-04-13T18:59:46 IST" duration-ms="567" status="PASS">
          <reporter-output>
          </reporter-output>
        </test-method> <!-- setup -->
        <test-method signature="testAddContactButtonIsClickable()[pri:2, instance:tests.TC_005_AddNewContactButton@c333c60]" started-at="2025-04-13T18:59:46 IST" name="testAddContactButtonIsClickable" finished-at="2025-04-13T18:59:47 IST" duration-ms="851" status="PASS">
          <reporter-output>
          </reporter-output>
        </test-method> <!-- testAddContactButtonIsClickable -->
        <test-method is-config="true" signature="closeBrowser()[pri:0, instance:tests.TC_005_AddNewContactButton@c333c60]" started-at="2025-04-13T18:59:47 IST" name="closeBrowser" finished-at="2025-04-13T18:59:47 IST" duration-ms="219" status="PASS">
          <reporter-output>
          </reporter-output>
        </test-method> <!-- closeBrowser -->
      </class> <!-- tests.TC_005_AddNewContactButton -->
      <class name="tests.TC_015_LogoutFunctionality">
        <test-method is-config="true" signature="setup()[pri:0, instance:tests.TC_015_LogoutFunctionality@2f8dad04]" started-at="2025-04-13T18:56:27 IST" name="setup" finished-at="2025-04-13T18:56:27 IST" duration-ms="2" status="PASS">
          <reporter-output>
          </reporter-output>
        </test-method> <!-- setup -->
        <test-method is-config="true" signature="launchingBrowserAndLoadingURL(java.lang.String,java.lang.String)[pri:0, instance:tests.TC_015_LogoutFunctionality@2f8dad04]" started-at="2025-04-13T18:58:53 IST" name="launchingBrowserAndLoadingURL" finished-at="2025-04-13T18:58:56 IST" duration-ms="2964" status="PASS">
          <params>
            <param index="0">
              <value>
                <![CDATA[https://thinking-tester-contact-list.herokuapp.com/]]>
              </value>
            </param>
            <param index="1">
              <value>
                <![CDATA[Chrome]]>
              </value>
            </param>
          </params>
          <reporter-output>
          </reporter-output>
        </test-method> <!-- launchingBrowserAndLoadingURL -->
        <test-method signature="testLogoutButtonIsVisible()[pri:0, instance:tests.TC_015_LogoutFunctionality@2f8dad04]" started-at="2025-04-13T18:58:56 IST" name="testLogoutButtonIsVisible" finished-at="2025-04-13T18:58:59 IST" duration-ms="2862" status="PASS">
          <reporter-output>
          </reporter-output>
        </test-method> <!-- testLogoutButtonIsVisible -->
        <test-method is-config="true" signature="closeBrowser()[pri:0, instance:tests.TC_015_LogoutFunctionality@2f8dad04]" started-at="2025-04-13T18:58:59 IST" name="closeBrowser" finished-at="2025-04-13T18:58:59 IST" duration-ms="209" status="PASS">
          <reporter-output>
          </reporter-output>
        </test-method> <!-- closeBrowser -->
      </class> <!-- tests.TC_015_LogoutFunctionality -->
      <class name="tests.TC_009_PhoneNumberExtention">
[...]
          <params>
            <param index="0">
              <value>
                <![CDATA[[TestResult name=testLogin status=SUCCESS method=TC_004_LoginFunctionality.testLogin(java.lang.String,java.lang.String,java.lang.String)[pri:0, instance:tests.TC_004_LoginFunctionality@6f46426d] output={null}]]]>
              </value>
            </param>
          </params>
          <reporter-output>
          </reporter-output>
        </test-method> <!-- captureFailureScreenshot -->
        <test-method is-config="true" signature="launchingBrowserAndLoadingURL(java.lang.String,java.lang.String)[pri:0, instance:tests.TC_004_LoginFunctionality@6f46426d]" started-at="2025-04-13T19:03:29 IST" name="launchingBrowserAndLoadingURL" finished-at="2025-04-13T19:03:36 IST" duration-ms="7011" status="PASS">
          <params>
            <param index="0">
              <value>
                <![CDATA[https://thinking-tester-contact-list.herokuapp.com/]]>
              </value>
            </param>
            <param index="1">
              <value>
                <![CDATA[Firefox]]>
              </value>
            </param>
          </params>
          <reporter-output>
          </reporter-output>
        </test-method> <!-- launchingBrowserAndLoadingURL -->
        <test-method signature="testLogin(java.lang.String,java.lang.String,java.lang.String)[pri:0, instance:tests.TC_004_LoginFunctionality@6f46426d]" started-at="2025-04-13T19:03:36 IST" name="testLogin" data-provider="loginData" finished-at="2025-04-13T19:03:36 IST" duration-ms="415" status="PASS">
          <params>
            <param index="0">
              <value>
                <![CDATA[mraj12350@gmail.com]]>
              </value>
            </param>
            <param index="1">
              <value>
                <![CDATA[12345678]]>
              </value>
            </param>
            <param index="2">
              <value>
                <![CDATA[success]]>
              </value>
            </param>
          </params>
          <reporter-output>
          </reporter-output>
        </test-method> <!-- testLogin -->
        <test-method is-config="true" signature="captureFailureScreenshot(org.testng.ITestResult)[pri:0, instance:tests.TC_004_LoginFunctionality@6f46426d]" started-at="2025-04-13T19:03:36 IST" name="captureFailureScreenshot" finished-at="2025-04-13T19:03:36 IST" duration-ms="0" status="PASS">
          <params>
            <param index="0">
              <value>
                <![CDATA[[TestResult name=testLogin status=SUCCESS method=TC_004_LoginFunctionality.testLogin(java.lang.String,java.lang.String,java.lang.String)[pri:0, instance:tests.TC_004_LoginFunctionality@6f46426d] output={null}]]]>
              </value>
            </param>
          </params>
          <reporter-output>
          </reporter-output>
        </test-method> <!-- captureFailureScreenshot -->
        <test-method is-config="true" signature="closeBrowser()[pri:0, instance:tests.TC_004_LoginFunctionality@6f46426d]" started-at="2025-04-13T19:03:36 IST" name="closeBrowser" finished-at="2025-04-13T19:03:39 IST" duration-ms="3417" status="PASS">
          <reporter-output>
          </reporter-output>
        </test-method> <!-- closeBrowser -->
      </class> <!-- tests.TC_004_LoginFunctionality -->
      <class name="tests.TC_015_LogoutFunctionality">
        <test-method is-config="true" signature="setup()[pri:0, instance:tests.TC_015_LogoutFunctionality@63a12c68]" started-at="2025-04-13T18:56:27 IST" name="setup" finished-at="2025-04-13T18:56:27 IST" duration-ms="2" status="PASS">
          <reporter-output>
          </reporter-output>
        </test-method> <!-- setup -->
        <test-method is-config="true" signature="launchingBrowserAndLoadingURL(java.lang.String,java.lang.String)[pri:0, instance:tests.TC_015_LogoutFunctionality@63a12c68]" started-at="2025-04-13T19:03:49 IST" name="launchingBrowserAndLoadingURL" finished-at="2025-04-13T19:03:56 IST" duration-ms="6949" status="PASS">
          <params>
            <param index="0">
              <value>
                <![CDATA[https://thinking-tester-contact-list.herokuapp.com/]]>
              </value>
            </param>
            <param index="1">
              <value>
                <![CDATA[Firefox]]>
              </value>
            </param>
          </params>
          <reporter-output>
          </reporter-output>
        </test-method> <!-- launchingBrowserAndLoadingURL -->
        <test-method signature="testLogoutButtonIsVisible()[pri:0, instance:tests.TC_015_LogoutFunctionality@63a12c68]" started-at="2025-04-13T19:03:56 IST" name="testLogoutButtonIsVisible" finished-at="2025-04-13T19:03:58 IST" duration-ms="2607" status="FAIL">
          <exception class="java.lang.AssertionError">
            <message>
              <![CDATA[Not redirected to Login page after logout. expected [https://thinking-tester-contact-list.herokuapp.com/] but found [https://thinking-tester-contact-list.herokuapp.com/contactList]]]>
            </message>
            <full-stacktrace>
              <![CDATA[java.lang.AssertionError: Not redirected to Login page after logout. expected [https://thinking-tester-contact-list.herokuapp.com/] but found [https://thinking-tester-contact-list.herokuapp.com/contactList]
at org.testng.Assert.fail(Assert.java:111)
at org.testng.Assert.failNotEquals(Assert.java:1578)
at org.testng.Assert.assertEqualsImpl(Assert.java:150)
at org.testng.Assert.assertEquals(Assert.java:132)
at org.testng.Assert.assertEquals(Assert.java:656)
at tests.TC_015_LogoutFunctionality.testLogoutButtonIsVisible(TC_015_LogoutFunctionality.java:35)
at java.base/jdk.internal.reflect.DirectMethodHandleAccessor.invoke(DirectMethodHandleAccessor.java:103)
at java.base/java.lang.reflect.Method.invoke(Method.java:580)
at org.testng.internal.invokers.MethodInvocationHelper.invokeMethod(MethodInvocationHelper.java:139)
at org.testng.internal.invokers.TestInvoker.invokeMethod(TestInvoker.java:664)
at org.testng.internal.invokers.TestInvoker.invokeTestMethod(TestInvoker.java:227)
at org.testng.internal.invokers.MethodRunner.runInSequence(MethodRunner.java:50)
at org.testng.internal.invokers.TestInvoker$MethodInvocationAgent.invoke(TestInvoker.java:957)
at org.testng.internal.invokers.TestInvoker.invokeTestMethods(TestInvoker.java:200)
at org.testng.internal.invokers.TestMethodWorker.invokeTestMethods(TestMethodWorker.java:148)
at org.testng.internal.invokers.TestMethodWorker.run(TestMethodWorker.java:128)
at java.base/java.util.ArrayList.forEach(ArrayList.java:1596)
at org.testng.TestRunner.privateRun(TestRunner.java:848)
at org.testng.TestRunner.run(TestRunner.java:621)
at org.testng.SuiteRunner.runTest(SuiteRunner.java:443)
at org.testng.SuiteRunner$SuiteWorker.run(SuiteRunner.java:481)
at org.testng.internal.thread.ThreadUtil.lambda$execute$0(ThreadUtil.java:58)
at java.base/java.util.concurrent.FutureTask.run(FutureTask.java:317)
at java.base/java.util.concurrent.ThreadPoolExecutor.runWorker(ThreadPoolExecutor.java:1144)
at java.base/java.util.concurrent.ThreadPoolExecutor$Worker.run(ThreadPoolExecutor.java:642)
at java.base/java.lang.Thread.run(Thread.java:1583)
]]>
            </full-stacktrace>
          </exception> <!-- java.lang.AssertionError -->
          <reporter-output>
          </reporter-output>
        </test-method> <!-- testLogoutButtonIsVisible -->
        <test-method is-config="true" signature="closeBrowser()[pri:0, instance:tests.TC_015_LogoutFunctionality@63a12c68]" started-at="2025-04-13T19:03:58 IST" name="closeBrowser" finished-at="2025-04-13T19:04:01 IST" duration-ms="3266" status="PASS">
          <reporter-output>
          </reporter-output>
        </test-method> <!-- closeBrowser -->
      </class> <!-- tests.TC_015_LogoutFunctionality -->
      <class name="tests.TC_005_AddNewContactButton">
        <test-method is-config="true" signature="launchingBrowserAndLoadingURL(java.lang.String,java.lang.String)[pri:0, instance:tests.TC_005_AddNewContactButton@73700b80]" started-at="2025-04-13T19:05:15 IST" name="launchingBrowserAndLoadingURL" finished-at="2025-04-13T19:05:25 IST" duration-ms="9294" status="PASS">
          <params>
            <param index="0">
              <value>
                <![CDATA[https://thinking-tester-contact-list.herokuapp.com/]]>
              </value>
            </param>
            <param index="1">
              <value>
                <![CDATA[Firefox]]>
              </value>
            </param>
          </params>
          <reporter-output>
          </reporter-output>
        </test-method> <!-- launchingBrowserAndLoadingURL -->
        <test-method is-config="true" signature="setup()[pri:0, instance:tests.TC_005_AddNewContactButton@73700b80]" started-at="2025-04-13T19:05:25 IST" name="setup" finished-at="2025-04-13T19:05:25 IST" duration-ms="393" status="PASS">
          <reporter-output>
          </reporter-output>
        </test-method> <!-- setup -->
        <test-method signature="testAddContactButtonIsVisible()[pri:1, instance:tests.TC_005_AddNewContactButton@73700b80]" started-at="2025-04-13T19:05:25 IST" name="testAddContactButtonIsVisible" finished-at="2025-04-13T19:05:27 IST" duration-ms="1834" status="PASS">
          <reporter-output>
          </reporter-output>
        </test-method> <!-- testAddContactButtonIsVisible -->
        <test-method is-config="true" signature="closeBrowser()[pri:0, instance:tests.TC_005_AddNewContactButton@73700b80]" started-at="2025-04-13T19:05:27 IST" name="closeBrowser" finished-at="2025-04-13T19:05:28 IST" duration-ms="1433" status="PASS">
          <reporter-output>
          </reporter-output>
        </test-method> <!-- closeBrowser -->
        <test-method is-config="true" signature="launchingBrowserAndLoadingURL(java.lang.String,java.lang.String)[pri:0, instance:tests.TC_005_AddNewContactButton@73700b80]" started-at="2025-04-13T19:05:39 IST" name="launchingBrowserAndLoadingURL" finished-at="2025-04-13T19:05:46 IST" duration-ms="6850" status="PASS">
          <params>
            <param index="0">
              <value>
                <![CDATA[https://thinking-tester-contact-list.herokuapp.com/]]>
              </value>
            </param>
            <param index="1">
              <value>
                <![CDATA[Firefox]]>
              </value>
            </param>
          </params>
          <reporter-output>
          </reporter-output>
        </test-method> <!-- launchingBrowserAndLoadingURL -->
        <test-method is-config="true" signature="setup()[pri:0, instance:tests.TC_005_AddNewContactButton@73700b80]" started-at="2025-04-13T19:05:46 IST" name="setup" finished-at="2025-04-13T19:05:46 IST" duration-ms="402" status="PASS">
          <reporter-output>
          </reporter-output>
        </test-method> <!-- setup -->
        <test-method signature="testAddContactButtonIsClickable()[pri:2, instance:tests.TC_005_AddNewContactButton@73700b80]" started-at="2025-04-13T19:05:46 IST" name="testAddContactButtonIsClickable" finished-at="2025-04-13T19:05:47 IST" duration-ms="459" status="PASS">
          <reporter-output>
          </reporter-output>
        </test-method> <!-- testAddContactButtonIsClickable -->
        <test-method is-config="true" signature="closeBrowser()[pri:0, instance:tests.TC_005_AddNewContactButton@73700b80]" started-at="2025-04-13T19:05:47 IST" name="closeBrowser" finished-at="2025-04-13T19:05:48 IST" duration-ms="1548" status="PASS">
          <reporter-output>
          </reporter-output>
        </test-method> <!-- closeBrowser -->
      </class> <!-- tests.TC_005_AddNewContactButton -->
      <class name="tests.TC_009_PhoneNumberExtention">
        <test-method is-config="true" signature="setup()[pri:0, instance:tests.TC_009_PhoneNumberExtention@3e84448c]" started-at="2025-04-13T18:56:27 IST" name="setup" finished-at="2025-04-13T18:56:27 IST" duration-ms="0" status="PASS">
          <reporter-output>
          </reporter-output>
        </test-method> <!-- setup -->
        <test-method is-config="true" signature="launchingBrowserAndLoadingURL(java.lang.String,java.lang.String)[pri:0, instance:tests.TC_009_PhoneNumberExtention@3e84448c]" started-at="2025-04-13T19:01:23 IST" name="launchingBrowserAndLoadingURL" finished-at="2025-04-13T19:01:30 IST" duration-ms="6726" status="PASS">
          <params>
            <param index="0">
              <value>
                <![CDATA[https://thinking-tester-contact-list.herokuapp.com/]]>
              </value>
            </param>
            <param index="1">
              <value>
                <![CDATA[Firefox]]>
              </value>
            </param>
          </params>
          <reporter-output>
          </reporter-output>
        </test-method> <!-- launchingBrowserAndLoadingURL -->
        <test-method signature="testAddContactCancelButton()[pri:0, instance:tests.TC_009_PhoneNumberExtention@3e84448c]" started-at="2025-04-13T19:01:30 IST" name="testAddContactCancelButton" finished-at="2025-04-13T19:01:31 IST" duration-ms="1528" status="PASS">
          <reporter-output>
          </reporter-output>
        </test-method> <!-- testAddContactCancelButton -->
        <test-method is-config="true" signature="closeBrowser()[pri:0, instance:tests.TC_009_PhoneNumberExtention@3e84448c]" started-at="2025-04-13T19:01:31 IST" name="closeBrowser" finished-at="2025-04-13T19:01:35 IST" duration-ms="3483" status="PASS">
          <reporter-output>
          </reporter-output>
        </test-method> <!-- closeBrowser -->
      </class> <!-- tests.TC_009_PhoneNumberExtention -->
      <class name="tests.TC_010_ContactClicking">
        <test-method is-config="true" signature="setup()[pri:0, instance:tests.TC_010_ContactClicking@4a7f959b]" started-at="2025-04-13T18:56:27 IST" name="setup" finished-at="2025-04-13T18:56:27 IST" duration-ms="1" status="PASS">
          <reporter-output>
          </reporter-output>
        </test-method> <!-- setup -->
        <test-method is-config="true" signature="launchingBrowserAndLoadingURL(java.lang.String,java.lang.String)[pri:0, instance:tests.TC_010_ContactClicking@4a7f959b]" started-at="2025-04-13T19:01:35 IST" name="launchingBrowserAndLoadingURL" finished-at="2025-04-13T19:01:42 IST" duration-ms="7096" status="PASS">
          <params>
            <param index="0">
              <value>
                <![CDATA[https://thinking-tester-contact-list.herokuapp.com/]]>
              </value>
            </param>
            <param index="1">
              <value>
                <![CDATA[Firefox]]>
              </value>
            </param>
          </params>
          <reporter-output>
          </reporter-output>
        </test-method> <!-- launchingBrowserAndLoadingURL -->
        <test-method signature="testAddContactCancelButton()[pri:0, instance:tests.TC_010_ContactClicking@4a7f959b]" started-at="2025-04-13T19:01:42 IST" name="testAddContactCancelButton" finished-at="2025-04-13T19:01:44 IST" duration-ms="2523" status="PASS">
          <reporter-output>
          </reporter-output>
        </test-method> <!-- testAddContactCancelButton -->
        <test-method is-config="true" signature="closeBrowser()[pri:0, instance:tests.TC_010_ContactClicking@4a7f959b]" started-at="2025-04-13T19:01:44 IST" name="closeBrowser" finished-at="2025-04-13T19:01:48 IST" duration-ms="3432" status="PASS">
          <reporter-output>
          </reporter-output>
        </test-method> <!-- closeBrowser -->
      </class> <!-- tests.TC_010_ContactClicking -->
      <class name="tests.TC_013_DeleteContactImpacts">
        <test-method is-config="true" signature="launchingBrowserAndLoadingURL(java.lang.String,java.lang.String)[pri:0, instance:tests.TC_013_DeleteContactImpacts@483f6d77]" started-at="2025-04-13T19:02:32 IST" name="launchingBrowserAndLoadingURL" finished-at="2025-04-13T19:02:39 IST" duration-ms="7002" status="PASS">
          <params>
            <param index="0">
              <value>
                <![CDATA[https://thinking-tester-contact-list.herokuapp.com/]]>
              </value>
            </param>
            <param index="1">
              <value>
                <![CDATA[Firefox]]>
              </value>
            </param>
          </params>
          <reporter-output>
          </reporter-output>
        </test-method> <!-- launchingBrowserAndLoadingURL -->
        <test-method is-config="true" signature="setup()[pri:0, instance:tests.TC_013_DeleteContactImpacts@483f6d77]" started-at="2025-04-13T19:02:39 IST" name="setup" finished-at="2025-04-13T19:02:39 IST" duration-ms="1" status="PASS">
          <reporter-output>
          </reporter-output>
        </test-method> <!-- setup -->
        <test-method signature="testDeleteContact()[pri:0, instance:tests.TC_013_DeleteContactImpacts@483f6d77]" started-at="2025-04-13T19:02:39 IST" name="testDeleteContact" finished-at="2025-04-13T19:02:40 IST" duration-ms="1534" status="FAIL">
          <exception class="java.lang.AssertionError">
            <message>
              <![CDATA[Not enough contacts to validate deletion expected [true] but found [false]]]>
            </message>
            <full-stacktrace>
              <![CDATA[java.lang.AssertionError: Not enough contacts to validate deletion expected [true] but found [false]
at org.testng.Assert.fail(Assert.java:111)
at org.testng.Assert.failNotEquals(Assert.java:1578)
at org.testng.Assert.assertTrue(Assert.java:57)
at tests.TC_013_DeleteContactImpacts.testDeleteContact(TC_013_DeleteContactImpacts.java:42)
at java.base/jdk.internal.reflect.DirectMethodHandleAccessor.invoke(DirectMethodHandleAccessor.java:103)
at java.base/java.lang.reflect.Method.invoke(Method.java:580)
at org.testng.internal.invokers.MethodInvocationHelper.invokeMethod(MethodInvocationHelper.java:139)
at org.testng.internal.invokers.TestInvoker.invokeMethod(TestInvoker.java:664)
at org.testng.internal.invokers.TestInvoker.invokeTestMethod(TestInvoker.java:227)
at org.testng.internal.invokers.MethodRunner.runInSequence(MethodRunner.java:50)
at org.testng.internal.invokers.TestInvoker$MethodInvocationAgent.invoke(TestInvoker.java:957)
at org.testng.internal.invokers.TestInvoker.invokeTestMethods(TestInvoker.java:200)
at org.testng.internal.invokers.TestMethodWorker.invokeTestMethods(TestMethodWorker.java:148)
at org.testng.internal.invokers.TestMethodWorker.run(TestMethodWorker.java:128)
at java.base/java.util.ArrayList.forEach(ArrayList.java:1596)
at org.testng.TestRunner.privateRun(TestRunner.java:848)
at org.testng.TestRunner.run(TestRunner.java:621)
at org.testng.SuiteRunner.runTest(SuiteRunner.java:443)
at org.testng.SuiteRunner$SuiteWorker.run(SuiteRunner.java:481)
at org.testng.internal.thread.ThreadUtil.lambda$execute$0(ThreadUtil.java:58)
at java.base/java.util.concurrent.FutureTask.run(FutureTask.java:317)
at java.base/java.util.concurrent.ThreadPoolExecutor.runWorker(ThreadPoolExecutor.java:1144)
at java.base/java.util.concurrent.ThreadPoolExecutor$Worker.run(ThreadPoolExecutor.java:642)
at java.base/java.lang.Thread.run(Thread.java:1583)
]]>
            </full-stacktrace>
          </exception> <!-- java.lang.AssertionError -->
          <reporter-output>
          </reporter-output>
        </test-method> <!-- testDeleteContact -->
        <test-method is-config="true" signature="closeBrowser()[pri:0, instance:tests.TC_013_DeleteContactImpacts@483f6d77]" started-at="2025-04-13T19:02:40 IST" name="closeBrowser" finished-at="2025-04-13T19:02:43 IST" duration-ms="3393" status="PASS">
          <reporter-output>
          </reporter-output>
        </test-method> <!-- closeBrowser -->
      </class> <!-- tests.TC_013_DeleteContactImpacts -->
    </test> <!-- FirefoxTest -->
  </suite> <!-- Suite -->
</testng-results>
